<?xml version="1.0" encoding="UTF-8"?>
<testng-results total="1" passed="0" failed="1" skipped="0">
  <reporter-output>
  </reporter-output>
  <suite started-at="2021-05-04T22:33:37Z" name="Tadipaneni_FinalExam" finished-at="2021-05-04T22:33:37Z" duration-ms="44">
    <groups>
    </groups>
    <test started-at="2021-05-04T22:33:37Z" name="TestNG tests" finished-at="2021-05-04T22:33:37Z" duration-ms="44">
      <class name="Question5.ComparableCircleNGTest">
        <test-method is-config="true" signature="setUpClass()[pri:0, instance:Question5.ComparableCircleNGTest@21a947fe]" started-at="2021-05-04T17:33:37Z" name="setUpClass" finished-at="2021-05-04T17:33:37Z" duration-ms="10" status="PASS">
          <reporter-output>
          </reporter-output>
        </test-method> <!-- setUpClass -->
        <test-method is-config="true" signature="setUpMethod()[pri:0, instance:Question5.ComparableCircleNGTest@21a947fe]" started-at="2021-05-04T17:33:37Z" name="setUpMethod" finished-at="2021-05-04T17:33:37Z" duration-ms="0" status="PASS">
          <reporter-output>
          </reporter-output>
        </test-method> <!-- setUpMethod -->
        <test-method signature="testCompareTo()[pri:0, instance:Question5.ComparableCircleNGTest@21a947fe]" started-at="2021-05-04T17:33:37Z" name="testCompareTo" finished-at="2021-05-04T17:33:37Z" duration-ms="20" status="FAIL">
          <exception class="java.lang.AssertionError">
            <message>
              <![CDATA[Circle 1 is larger than Circle 2]]>
            </message>
            <full-stacktrace>
              <![CDATA[java.lang.AssertionError: Circle 1 is larger than Circle 2
	at org.testng.Assert.fail(Assert.java:94)
	at Question5.ComparableCircleNGTest.testCompareTo(ComparableCircleNGTest.java:53)
	at java.base/jdk.internal.reflect.NativeMethodAccessorImpl.invoke0(Native Method)
	at java.base/jdk.internal.reflect.NativeMethodAccessorImpl.invoke(NativeMethodAccessorImpl.java:62)
	at java.base/jdk.internal.reflect.DelegatingMethodAccessorImpl.invoke(DelegatingMethodAccessorImpl.java:43)
	at java.base/java.lang.reflect.Method.invoke(Method.java:566)
	at org.testng.internal.MethodInvocationHelper.invokeMethod(MethodInvocationHelper.java:84)
	at org.testng.internal.Invoker.invokeMethod(Invoker.java:714)
	at org.testng.internal.Invoker.invokeTestMethod(Invoker.java:901)
	at org.testng.internal.Invoker.invokeTestMethods(Invoker.java:1231)
	at org.testng.internal.TestMethodWorker.invokeTestMethods(TestMethodWorker.java:127)
	at org.testng.internal.TestMethodWorker.run(TestMethodWorker.java:111)
	at org.testng.TestRunner.privateRun(TestRunner.java:767)
	at org.testng.TestRunner.run(TestRunner.java:617)
	at org.testng.SuiteRunner.runTest(SuiteRunner.java:334)
	at org.testng.SuiteRunner.runSequentially(SuiteRunner.java:329)
	at org.testng.SuiteRunner.privateRun(SuiteRunner.java:291)
	at org.testng.SuiteRunner.run(SuiteRunner.java:240)
	at org.testng.SuiteRunnerWorker.runSuite(SuiteRunnerWorker.java:52)
	at org.testng.SuiteRunnerWorker.run(SuiteRunnerWorker.java:86)
	at org.testng.TestNG.runSuitesSequentially(TestNG.java:1224)
	at org.testng.TestNG.runSuitesLocally(TestNG.java:1149)
	at org.testng.TestNG.run(TestNG.java:1057)
	at org.testng.TestNG.privateMain(TestNG.java:1364)
	at org.testng.TestNG.main(TestNG.java:1333)
]]>
            </full-stacktrace>
          </exception> <!-- java.lang.AssertionError -->
          <reporter-output>
          </reporter-output>
        </test-method> <!-- testCompareTo -->
        <test-method is-config="true" signature="tearDownMethod()[pri:0, instance:Question5.ComparableCircleNGTest@21a947fe]" started-at="2021-05-04T17:33:37Z" name="tearDownMethod" finished-at="2021-05-04T17:33:37Z" duration-ms="0" status="PASS">
          <reporter-output>
          </reporter-output>
        </test-method> <!-- tearDownMethod -->
        <test-method is-config="true" signature="tearDownClass()[pri:0, instance:Question5.ComparableCircleNGTest@21a947fe]" started-at="2021-05-04T17:33:37Z" name="tearDownClass" finished-at="2021-05-04T17:33:37Z" duration-ms="0" status="PASS">
          <reporter-output>
          </reporter-output>
        </test-method> <!-- tearDownClass -->
      </class> <!-- Question5.ComparableCircleNGTest -->
    </test> <!-- TestNG tests -->
  </suite> <!-- Tadipaneni_FinalExam -->
</testng-results>
